<?xml version="1.0" encoding="UTF-8"?>
<testsuite name="testSuite.StickyNotesTest" tests="1" skipped="0" failures="0" errors="0" timestamp="2023-11-01T05:30:36" hostname="RENUCOV" time="26.226">
  <properties/>
  <testcase name="verifyAddNoteWithLabel()" classname="testSuite.StickyNotesTest" time="26.226"/>
  <system-out><![CDATA[]]></system-out>
  <system-err><![CDATA[]]></system-err>
</testsuite>
